0 verbose cli /usr/local/bin/node /usr/local/bin/npm
1 info using npm@8.19.4
2 info using node@v16.20.2
3 timing npm:load:whichnode Completed in 0ms
4 timing config:load:defaults Completed in 1ms
5 timing config:load:file:/usr/local/lib/node_modules/npm/npmrc Completed in 0ms
6 timing config:load:builtin Completed in 1ms
7 warn config production Use `--omit=dev` instead.
8 timing config:load:cli Completed in 2ms
9 timing config:load:env Completed in 1ms
10 timing config:load:file:/data/.npmrc Completed in 1ms
11 timing config:load:project Completed in 2ms
12 timing config:load:file:/usr/src/node-red/.npmrc Completed in 0ms
13 timing config:load:user Completed in 0ms
14 timing config:load:file:/usr/local/etc/npmrc Completed in 2ms
15 timing config:load:global Completed in 2ms
16 timing config:load:validate Completed in 1ms
17 timing config:load:credentials Completed in 0ms
18 timing config:load:setEnvs Completed in 1ms
19 timing config:load Completed in 11ms
20 timing npm:load:configload Completed in 11ms
21 timing npm:load:mkdirpcache Completed in 3ms
22 timing npm:load:mkdirplogs Completed in 1ms
23 verbose title npm install node-red-contrib-web-worldmap@4.8.0
24 verbose argv "install" "--no-audit" "--no-update-notifier" "--no-fund" "--save" "--save-prefix" "~" "--production" "--engine-strict" "node-red-contrib-web-worldmap@4.8.0"
25 timing npm:load:setTitle Completed in 1ms
26 timing config:load:flatten Completed in 2ms
27 timing npm:load:display Completed in 3ms
28 verbose logfile logs-max:10 dir:/data/.npm/_logs
29 verbose logfile /data/.npm/_logs/2024-06-03T08_30_59_779Z-debug-0.log
30 timing npm:load:logFile Completed in 5ms
31 timing npm:load:timers Completed in 0ms
32 timing npm:load:configScope Completed in 0ms
33 timing npm:load Completed in 24ms
34 timing arborist:ctor Completed in 0ms
35 silly logfile done cleaning log files
36 timing arborist:ctor Completed in 1ms
37 timing idealTree:init Completed in 10ms
38 timing idealTree:userRequests Completed in 4ms
39 silly idealTree buildDeps
40 silly fetch manifest node-red-contrib-web-worldmap@4.8.0
41 http fetch GET 200 https://registry.npmjs.org/node-red-contrib-web-worldmap 743ms (cache miss)
42 silly placeDep ROOT node-red-contrib-web-worldmap@4.8.0 OK for: node-red-project@0.0.1 want: 4.8.0
43 timing idealTree:#root Completed in 754ms
44 timing idealTree:node_modules/node-red-contrib-web-worldmap Completed in 0ms
45 timing idealTree:buildDeps Completed in 755ms
46 timing idealTree:fixDepFlags Completed in 0ms
47 timing idealTree Completed in 770ms
48 timing reify:loadTrees Completed in 771ms
49 timing reify:diffTrees Completed in 0ms
50 silly reify moves {}
51 timing reify:retireShallow Completed in 1ms
52 timing reify:createSparse Completed in 0ms
53 timing reify:trashOmits Completed in 0ms
54 silly tarball no local data for node-red-contrib-web-worldmap@https://registry.npmjs.org/node-red-contrib-web-worldmap/-/node-red-contrib-web-worldmap-4.8.0.tgz. Extracting by manifest.
55 http fetch GET 200 https://registry.npmjs.org/node-red-contrib-web-worldmap/-/node-red-contrib-web-worldmap-4.8.0.tgz 327ms (cache miss)
56 timing reifyNode:node_modules/node-red-contrib-web-worldmap Completed in 331ms
57 timing arborist:ctor Completed in 0ms
58 timing reify:diffTrees Completed in 1ms
59 timing reify:loadBundles Completed in 434ms
60 timing reify:unpack Completed in 0ms
61 timing reify:unretire Completed in 0ms
62 timing build:queue Completed in 2ms
63 timing build:link:node_modules/node-red-contrib-web-worldmap/node_modules/mime Completed in 3ms
64 timing build:link:node_modules/node-red-contrib-web-worldmap/node_modules/uuid Completed in 2ms
65 timing build:link Completed in 3ms
66 timing build:deps Completed in 5ms
67 timing build Completed in 5ms
68 timing reify:build Completed in 6ms
69 timing reify:trash Completed in 0ms
70 timing reify:save Completed in 17ms
71 timing reify Completed in 1238ms
72 silly ADD node_modules/node-red-contrib-web-worldmap
73 timing command:install Completed in 1241ms
74 verbose exit 0
75 timing npm Completed in 1333ms
76 info ok
