0 verbose cli /usr/local/bin/node /usr/local/bin/npm
1 info using npm@8.19.4
2 info using node@v16.20.2
3 timing npm:load:whichnode Completed in 0ms
4 timing config:load:defaults Completed in 1ms
5 timing config:load:file:/usr/local/lib/node_modules/npm/npmrc Completed in 1ms
6 timing config:load:builtin Completed in 2ms
7 warn config production Use `--omit=dev` instead.
8 timing config:load:cli Completed in 2ms
9 timing config:load:env Completed in 1ms
10 timing config:load:file:/data/.npmrc Completed in 0ms
11 timing config:load:project Completed in 5ms
12 timing config:load:file:/usr/src/node-red/.npmrc Completed in 0ms
13 timing config:load:user Completed in 0ms
14 timing config:load:file:/usr/local/etc/npmrc Completed in 1ms
15 timing config:load:global Completed in 1ms
16 timing config:load:validate Completed in 0ms
17 timing config:load:credentials Completed in 1ms
18 timing config:load:setEnvs Completed in 1ms
19 timing config:load Completed in 14ms
20 timing npm:load:configload Completed in 15ms
21 timing npm:load:mkdirpcache Completed in 4ms
22 timing npm:load:mkdirplogs Completed in 5ms
23 verbose title npm install node-red-node-sqlite@1.1.0
24 verbose argv "install" "--no-audit" "--no-update-notifier" "--no-fund" "--save" "--save-prefix" "~" "--production" "--engine-strict" "node-red-node-sqlite@1.1.0"
25 timing npm:load:setTitle Completed in 1ms
26 timing config:load:flatten Completed in 3ms
27 timing npm:load:display Completed in 4ms
28 verbose logfile logs-max:10 dir:/data/.npm/_logs
29 verbose logfile /data/.npm/_logs/2024-05-29T09_38_43_501Z-debug-0.log
30 timing npm:load:logFile Completed in 15ms
31 timing npm:load:timers Completed in 0ms
32 timing npm:load:configScope Completed in 0ms
33 timing npm:load Completed in 45ms
34 timing arborist:ctor Completed in 1ms
35 silly logfile done cleaning log files
36 timing idealTree:init Completed in 99ms
37 timing idealTree:userRequests Completed in 1ms
38 silly idealTree buildDeps
39 silly fetch manifest node-red-node-sqlite@1.1.0
40 timing arborist:ctor Completed in 1ms
41 http fetch GET 200 https://registry.npmjs.org/node-red-node-sqlite 745ms (cache miss)
42 silly placeDep ROOT node-red-node-sqlite@1.1.0 OK for: node-red-project@0.0.1 want: 1.1.0
43 silly fetch manifest sqlite3@^5.1.6
44 http fetch GET 200 https://registry.npmjs.org/sqlite3 89ms (cache miss)
45 timing idealTree:#root Completed in 847ms
46 silly placeDep ROOT sqlite3@5.1.7 OK for: node-red-node-sqlite@1.1.0 want: ^5.1.6
47 silly fetch manifest bindings@^1.5.0
48 silly fetch manifest node-addon-api@^7.0.0
49 silly fetch manifest prebuild-install@^7.1.1
50 silly fetch manifest tar@^6.1.11
51 silly fetch manifest node-gyp@8.x
52 http fetch GET 200 https://registry.npmjs.org/bindings 97ms (cache miss)
53 http fetch GET 200 https://registry.npmjs.org/node-addon-api 149ms (cache miss)
54 http fetch GET 200 https://registry.npmjs.org/prebuild-install 154ms (cache miss)
55 http fetch GET 200 https://registry.npmjs.org/node-gyp 160ms (cache miss)
56 http fetch GET 200 https://registry.npmjs.org/tar 167ms (cache miss)
57 timing idealTree:node_modules/node-red-node-sqlite Completed in 177ms
58 silly placeDep ROOT bindings@1.5.0 OK for: sqlite3@5.1.7 want: ^1.5.0
59 silly placeDep ROOT node-addon-api@7.1.0 OK for: sqlite3@5.1.7 want: ^7.0.0
60 silly placeDep ROOT node-gyp@8.4.1 OK for: sqlite3@5.1.7 want: 8.x
61 silly placeDep ROOT prebuild-install@7.1.2 OK for: sqlite3@5.1.7 want: ^7.1.1
62 silly placeDep ROOT tar@6.2.1 OK for: sqlite3@5.1.7 want: ^6.1.11
63 silly fetch manifest file-uri-to-path@1.0.0
64 silly fetch manifest env-paths@^2.2.0
65 silly fetch manifest glob@^7.1.4
66 silly fetch manifest graceful-fs@^4.2.6
67 silly fetch manifest make-fetch-happen@^9.1.0
68 silly fetch manifest nopt@^5.0.0
69 silly fetch manifest npmlog@^6.0.0
70 silly fetch manifest rimraf@^3.0.2
71 silly fetch manifest semver@^7.3.5
72 silly fetch manifest which@^2.0.2
73 silly fetch manifest detect-libc@^2.0.0
74 silly fetch manifest expand-template@^2.0.3
75 silly fetch manifest github-from-package@0.0.0
76 silly fetch manifest minimist@^1.2.3
77 silly fetch manifest mkdirp-classic@^0.5.3
78 silly fetch manifest napi-build-utils@^1.0.1
79 silly fetch manifest node-abi@^3.3.0
80 silly fetch manifest pump@^3.0.0
81 silly fetch manifest rc@^1.2.7
82 silly fetch manifest simple-get@^4.0.0
83 silly fetch manifest tar-fs@^2.0.0
84 silly fetch manifest tunnel-agent@^0.6.0
85 silly fetch manifest chownr@^2.0.0
86 silly fetch manifest fs-minipass@^2.0.0
87 silly fetch manifest minipass@^5.0.0
88 silly fetch manifest minizlib@^2.1.1
89 silly fetch manifest mkdirp@^1.0.3
90 silly fetch manifest yallist@^4.0.0
91 http fetch GET 200 https://registry.npmjs.org/file-uri-to-path 139ms (cache miss)
92 http fetch GET 200 https://registry.npmjs.org/env-paths 141ms (cache miss)
93 http fetch GET 200 https://registry.npmjs.org/graceful-fs 142ms (cache miss)
94 http fetch GET 200 https://registry.npmjs.org/glob 159ms (cache miss)
95 http fetch GET 200 https://registry.npmjs.org/make-fetch-happen 253ms (cache miss)
96 http fetch GET 200 https://registry.npmjs.org/tunnel-agent 314ms (cache miss)
97 http fetch GET 200 https://registry.npmjs.org/mkdirp-classic 323ms (cache miss)
98 http fetch GET 200 https://registry.npmjs.org/napi-build-utils 324ms (cache miss)
99 http fetch GET 200 https://registry.npmjs.org/chownr 318ms (cache miss)
100 http fetch GET 200 https://registry.npmjs.org/github-from-package 330ms (cache miss)
101 http fetch GET 200 https://registry.npmjs.org/rc 327ms (cache miss)
102 http fetch GET 200 https://registry.npmjs.org/pump 334ms (cache miss)
103 http fetch GET 200 https://registry.npmjs.org/simple-get 341ms (cache miss)
104 http fetch GET 200 https://registry.npmjs.org/expand-template 356ms (cache miss)
105 http fetch GET 200 https://registry.npmjs.org/tar-fs 352ms (cache miss)
106 http fetch GET 200 https://registry.npmjs.org/fs-minipass 354ms (cache miss)
107 http fetch GET 200 https://registry.npmjs.org/detect-libc 369ms (cache miss)
108 http fetch GET 200 https://registry.npmjs.org/npmlog 376ms (cache miss)
109 http fetch GET 200 https://registry.npmjs.org/minimist 378ms (cache miss)
110 http fetch GET 200 https://registry.npmjs.org/which 383ms (cache miss)
111 http fetch GET 200 https://registry.npmjs.org/nopt 393ms (cache miss)
112 http fetch GET 200 https://registry.npmjs.org/yallist 374ms (cache miss)
113 http fetch GET 200 https://registry.npmjs.org/minizlib 379ms (cache miss)
114 http fetch GET 200 https://registry.npmjs.org/node-abi 403ms (cache miss)
115 http fetch GET 200 https://registry.npmjs.org/mkdirp 398ms (cache miss)
116 http fetch GET 200 https://registry.npmjs.org/semver 426ms (cache miss)
117 http fetch GET 200 https://registry.npmjs.org/rimraf 430ms (cache miss)
118 http fetch GET 200 https://registry.npmjs.org/minipass 424ms (cache miss)
119 timing idealTree:node_modules/sqlite3 Completed in 457ms
120 silly placeDep ROOT file-uri-to-path@1.0.0 OK for: bindings@1.5.0 want: 1.0.0
121 timing idealTree:node_modules/bindings Completed in 2ms
122 timing idealTree:node_modules/file-uri-to-path Completed in 0ms
123 timing idealTree:node_modules/node-addon-api Completed in 0ms
124 silly placeDep ROOT env-paths@2.2.1 OK for: node-gyp@8.4.1 want: ^2.2.0
125 silly placeDep ROOT glob@7.2.3 OK for: node-gyp@8.4.1 want: ^7.1.4
126 silly placeDep ROOT graceful-fs@4.2.11 OK for: node-gyp@8.4.1 want: ^4.2.6
127 silly placeDep ROOT make-fetch-happen@9.1.0 OK for: node-gyp@8.4.1 want: ^9.1.0
128 silly placeDep ROOT nopt@5.0.0 OK for: node-gyp@8.4.1 want: ^5.0.0
129 silly placeDep ROOT npmlog@6.0.2 OK for: node-gyp@8.4.1 want: ^6.0.0
130 silly placeDep ROOT rimraf@3.0.2 OK for: node-gyp@8.4.1 want: ^3.0.2
131 silly placeDep ROOT semver@7.6.2 OK for: node-gyp@8.4.1 want: ^7.3.5
132 silly placeDep ROOT which@2.0.2 OK for: node-gyp@8.4.1 want: ^2.0.2
133 silly fetch manifest fs.realpath@^1.0.0
134 silly fetch manifest inflight@^1.0.4
135 silly fetch manifest minimatch@^3.1.1
136 silly fetch manifest once@^1.3.0
137 silly fetch manifest path-is-absolute@^1.0.0
138 silly fetch manifest ssri@^8.0.0
139 silly fetch manifest cacache@^15.2.0
140 silly fetch manifest minipass@^3.1.3
141 silly fetch manifest is-lambda@^1.0.1
142 silly fetch manifest lru-cache@^6.0.0
143 silly fetch manifest promise-retry@^2.0.1
144 silly fetch manifest agentkeepalive@^4.1.3
145 silly fetch manifest minipass-fetch@^1.3.2
146 silly fetch manifest minipass-flush@^1.0.5
147 silly fetch manifest http-proxy-agent@^4.0.1
148 silly fetch manifest minipass-collect@^1.0.2
149 silly fetch manifest https-proxy-agent@^5.0.0
150 silly fetch manifest minipass-pipeline@^1.2.4
151 silly fetch manifest socks-proxy-agent@^6.0.0
152 silly fetch manifest http-cache-semantics@^4.1.0
153 silly fetch manifest abbrev@1
154 silly fetch manifest gauge@^4.0.3
155 silly fetch manifest set-blocking@^2.0.0
156 silly fetch manifest are-we-there-yet@^3.0.0
157 silly fetch manifest console-control-strings@^1.1.0
158 silly fetch manifest isexe@^2.0.0
159 http fetch GET 200 https://registry.npmjs.org/lru-cache 185ms (cache hit)
160 http fetch GET 200 https://registry.npmjs.org/inflight 259ms (cache miss)
161 http fetch GET 200 https://registry.npmjs.org/minipass-collect 260ms (cache miss)
162 http fetch GET 200 https://registry.npmjs.org/path-is-absolute 272ms (cache miss)
163 http fetch GET 200 https://registry.npmjs.org/is-lambda 277ms (cache miss)
164 http fetch GET 200 https://registry.npmjs.org/fs.realpath 289ms (cache miss)
165 http fetch GET 200 https://registry.npmjs.org/abbrev 271ms (cache miss)
166 http fetch GET 200 https://registry.npmjs.org/http-cache-semantics 279ms (cache miss)
167 http fetch GET 200 https://registry.npmjs.org/once 301ms (cache miss)
168 http fetch GET 200 https://registry.npmjs.org/set-blocking 288ms (cache miss)
169 http fetch GET 200 https://registry.npmjs.org/ssri 311ms (cache miss)
170 http fetch GET 200 https://registry.npmjs.org/console-control-strings 295ms (cache miss)
171 http fetch GET 200 https://registry.npmjs.org/http-proxy-agent 306ms (cache miss)
172 http fetch GET 200 https://registry.npmjs.org/promise-retry 311ms (cache miss)
173 http fetch GET 200 https://registry.npmjs.org/isexe 302ms (cache miss)
174 http fetch GET 200 https://registry.npmjs.org/socks-proxy-agent 311ms (cache miss)
175 http fetch GET 200 https://registry.npmjs.org/minipass-flush 318ms (cache miss)
176 http fetch GET 200 https://registry.npmjs.org/minipass-pipeline 325ms (cache miss)
177 http fetch GET 200 https://registry.npmjs.org/agentkeepalive 333ms (cache miss)
178 http fetch GET 200 https://registry.npmjs.org/are-we-there-yet 322ms (cache miss)
179 http fetch GET 200 https://registry.npmjs.org/https-proxy-agent 331ms (cache miss)
180 http fetch GET 200 https://registry.npmjs.org/minimatch 353ms (cache miss)
181 http fetch GET 200 https://registry.npmjs.org/gauge 340ms (cache miss)
182 http fetch GET 200 https://registry.npmjs.org/minipass-fetch 351ms (cache miss)
183 http fetch GET 200 https://registry.npmjs.org/cacache 371ms (cache miss)
184 timing idealTree:node_modules/node-gyp Completed in 398ms
185 timing idealTree:node_modules/env-paths Completed in 1ms
186 silly placeDep ROOT fs.realpath@1.0.0 OK for: glob@7.2.3 want: ^1.0.0
187 silly placeDep ROOT inflight@1.0.6 OK for: glob@7.2.3 want: ^1.0.4
188 silly placeDep ROOT minimatch@3.1.2 OK for: glob@7.2.3 want: ^3.1.1
189 silly placeDep ROOT once@1.4.0 OK for: glob@7.2.3 want: ^1.3.0
190 silly placeDep ROOT path-is-absolute@1.0.1 OK for: glob@7.2.3 want: ^1.0.0
191 silly fetch manifest wrappy@1
192 silly fetch manifest brace-expansion@^1.1.7
193 http fetch GET 200 https://registry.npmjs.org/brace-expansion 80ms (cache miss)
194 http fetch GET 200 https://registry.npmjs.org/wrappy 84ms (cache miss)
195 timing idealTree:node_modules/glob Completed in 92ms
196 timing idealTree:node_modules/fs.realpath Completed in 0ms
197 timing idealTree:node_modules/graceful-fs Completed in 0ms
198 silly placeDep ROOT wrappy@1.0.2 OK for: inflight@1.0.6 want: 1
199 timing idealTree:node_modules/inflight Completed in 1ms
200 silly placeDep ROOT agentkeepalive@4.5.0 OK for: make-fetch-happen@9.1.0 want: ^4.1.3
201 silly placeDep ROOT cacache@15.3.0 OK for: make-fetch-happen@9.1.0 want: ^15.2.0
202 silly placeDep ROOT http-cache-semantics@4.1.1 OK for: make-fetch-happen@9.1.0 want: ^4.1.0
203 silly placeDep ROOT http-proxy-agent@4.0.1 OK for: make-fetch-happen@9.1.0 want: ^4.0.1
204 silly placeDep ROOT https-proxy-agent@5.0.1 OK for: make-fetch-happen@9.1.0 want: ^5.0.0
205 silly placeDep ROOT is-lambda@1.0.1 OK for: make-fetch-happen@9.1.0 want: ^1.0.1
206 silly placeDep node_modules/make-fetch-happen lru-cache@6.0.0 OK for: make-fetch-happen@9.1.0 want: ^6.0.0
207 silly placeDep ROOT minipass@3.3.6 OK for: make-fetch-happen@9.1.0 want: ^3.1.3
208 silly placeDep ROOT minipass-collect@1.0.2 OK for: make-fetch-happen@9.1.0 want: ^1.0.2
209 silly placeDep ROOT minipass-fetch@1.4.1 OK for: make-fetch-happen@9.1.0 want: ^1.3.2
210 silly placeDep ROOT minipass-flush@1.0.5 OK for: make-fetch-happen@9.1.0 want: ^1.0.5
211 silly placeDep ROOT minipass-pipeline@1.2.4 OK for: make-fetch-happen@9.1.0 want: ^1.2.4
212 silly placeDep ROOT promise-retry@2.0.1 OK for: make-fetch-happen@9.1.0 want: ^2.0.1
213 silly placeDep ROOT socks-proxy-agent@6.2.1 OK for: make-fetch-happen@9.1.0 want: ^6.0.0
214 silly placeDep ROOT ssri@8.0.1 OK for: make-fetch-happen@9.1.0 want: ^8.0.0
215 silly fetch manifest humanize-ms@^1.2.1
216 silly fetch manifest p-map@^4.0.0
217 silly fetch manifest @npmcli/fs@^1.0.0
218 silly fetch manifest infer-owner@^1.0.4
219 silly fetch manifest unique-filename@^1.1.1
220 silly fetch manifest promise-inflight@^1.0.1
221 silly fetch manifest @npmcli/move-file@^1.0.1
222 silly fetch manifest @tootallnate/once@1
223 silly fetch manifest agent-base@6
224 silly fetch manifest debug@4
225 silly fetch manifest minizlib@^2.0.0
226 silly fetch manifest minipass-sized@^1.0.3
227 silly fetch manifest encoding@^0.1.12
228 silly fetch manifest err-code@^2.0.2
229 silly fetch manifest retry@^0.12.0
230 silly fetch manifest agent-base@^6.0.2
231 silly fetch manifest debug@^4.3.3
232 silly fetch manifest socks@^2.6.2
233 http fetch GET 200 https://registry.npmjs.org/debug 44ms (cache hit)
234 http fetch GET 200 https://registry.npmjs.org/debug 41ms (cache hit)
235 http fetch GET 200 https://registry.npmjs.org/infer-owner 138ms (cache miss)
236 http fetch GET 200 https://registry.npmjs.org/unique-filename 148ms (cache miss)
237 http fetch GET 200 https://registry.npmjs.org/minipass-sized 144ms (cache miss)
238 http fetch GET 200 https://registry.npmjs.org/humanize-ms 161ms (cache miss)
239 http fetch GET 200 https://registry.npmjs.org/err-code 158ms (cache miss)
240 http fetch GET 200 https://registry.npmjs.org/promise-inflight 176ms (cache miss)
241 http fetch GET 200 https://registry.npmjs.org/agent-base 176ms (cache miss)
242 http fetch GET 200 https://registry.npmjs.org/@npmcli%2fmove-file 181ms (cache miss)
243 http fetch GET 200 https://registry.npmjs.org/p-map 187ms (cache miss)
244 http fetch GET 200 https://registry.npmjs.org/agent-base 180ms (cache miss)
245 http fetch GET 200 https://registry.npmjs.org/retry 187ms (cache miss)
246 http fetch GET 200 https://registry.npmjs.org/@tootallnate%2fonce 196ms (cache miss)
247 http fetch GET 200 https://registry.npmjs.org/socks 193ms (cache miss)
248 http fetch GET 200 https://registry.npmjs.org/encoding 202ms (cache miss)
249 http fetch GET 200 https://registry.npmjs.org/@npmcli%2ffs 218ms (cache miss)
250 timing idealTree:node_modules/make-fetch-happen Completed in 250ms
251 silly placeDep ROOT humanize-ms@1.2.1 OK for: agentkeepalive@4.5.0 want: ^1.2.1
252 timing idealTree:node_modules/agentkeepalive Completed in 1ms
253 silly placeDep ROOT @npmcli/fs@1.1.1 OK for: cacache@15.3.0 want: ^1.0.0
254 silly placeDep ROOT @npmcli/move-file@1.1.2 OK for: cacache@15.3.0 want: ^1.0.1
255 silly placeDep ROOT chownr@2.0.0 OK for: cacache@15.3.0 want: ^2.0.0
256 silly placeDep ROOT fs-minipass@2.1.0 OK for: cacache@15.3.0 want: ^2.0.0
257 silly placeDep ROOT infer-owner@1.0.4 OK for: cacache@15.3.0 want: ^1.0.4
258 silly placeDep node_modules/cacache lru-cache@6.0.0 OK for: cacache@15.3.0 want: ^6.0.0
259 silly placeDep ROOT mkdirp@1.0.4 OK for: cacache@15.3.0 want: ^1.0.3
260 silly placeDep ROOT p-map@4.0.0 OK for: cacache@15.3.0 want: ^4.0.0
261 silly placeDep ROOT promise-inflight@1.0.1 OK for: cacache@15.3.0 want: ^1.0.1
262 silly placeDep ROOT unique-filename@1.1.1 OK for: cacache@15.3.0 want: ^1.1.1
263 silly fetch manifest @gar/promisify@^1.0.1
264 silly fetch manifest aggregate-error@^3.0.0
265 silly fetch manifest unique-slug@^2.0.0
266 http fetch GET 200 https://registry.npmjs.org/aggregate-error 95ms (cache miss)
267 http fetch GET 200 https://registry.npmjs.org/unique-slug 94ms (cache miss)
268 http fetch GET 200 https://registry.npmjs.org/@gar%2fpromisify 129ms (cache miss)
269 timing idealTree:node_modules/cacache Completed in 150ms
270 silly placeDep ROOT @gar/promisify@1.1.3 OK for: @npmcli/fs@1.1.1 want: ^1.0.1
271 timing idealTree:node_modules/@npmcli/fs Completed in 2ms
272 timing idealTree:node_modules/@gar/promisify Completed in 0ms
273 timing idealTree:node_modules/@npmcli/move-file Completed in 0ms
274 timing idealTree:node_modules/chownr Completed in 0ms
275 timing idealTree:node_modules/fs-minipass Completed in 0ms
276 timing idealTree:node_modules/http-cache-semantics Completed in 0ms
277 silly placeDep ROOT @tootallnate/once@1.1.2 OK for: http-proxy-agent@4.0.1 want: 1
278 silly placeDep ROOT agent-base@6.0.2 OK for: http-proxy-agent@4.0.1 want: 6
279 silly placeDep node_modules/http-proxy-agent debug@4.3.4 OK for: http-proxy-agent@4.0.1 want: 4
280 silly fetch manifest ms@2.1.2
281 http fetch GET 200 https://registry.npmjs.org/ms 39ms (cache hit)
282 timing idealTree:node_modules/http-proxy-agent Completed in 45ms
283 timing idealTree:node_modules/@tootallnate/once Completed in 0ms
284 silly placeDep node_modules/agent-base debug@4.3.4 OK for: agent-base@6.0.2 want: 4
285 timing idealTree:node_modules/agent-base Completed in 1ms
286 silly placeDep node_modules/https-proxy-agent debug@4.3.4 OK for: https-proxy-agent@5.0.1 want: 4
287 timing idealTree:node_modules/https-proxy-agent Completed in 2ms
288 timing idealTree:node_modules/humanize-ms Completed in 0ms
289 timing idealTree:node_modules/infer-owner Completed in 0ms
290 timing idealTree:node_modules/is-lambda Completed in 0ms
291 silly placeDep ROOT brace-expansion@1.1.11 OK for: minimatch@3.1.2 want: ^1.1.7
292 silly fetch manifest balanced-match@^1.0.0
293 silly fetch manifest concat-map@0.0.1
294 http fetch GET 200 https://registry.npmjs.org/concat-map 73ms (cache miss)
295 http fetch GET 200 https://registry.npmjs.org/balanced-match 77ms (cache miss)
296 timing idealTree:node_modules/minimatch Completed in 80ms
297 silly placeDep ROOT balanced-match@1.0.2 OK for: brace-expansion@1.1.11 want: ^1.0.0
298 silly placeDep ROOT concat-map@0.0.1 OK for: brace-expansion@1.1.11 want: 0.0.1
299 timing idealTree:node_modules/brace-expansion Completed in 2ms
300 timing idealTree:node_modules/balanced-match Completed in 0ms
301 timing idealTree:node_modules/concat-map Completed in 0ms
302 silly placeDep ROOT yallist@4.0.0 OK for: minipass@3.3.6 want: ^4.0.0
303 timing idealTree:node_modules/minipass Completed in 2ms
304 timing idealTree:node_modules/minipass-collect Completed in 0ms
305 silly placeDep ROOT encoding@0.1.13 OK for: minipass-fetch@1.4.1 want: ^0.1.12
306 silly placeDep ROOT minipass-sized@1.0.3 OK for: minipass-fetch@1.4.1 want: ^1.0.3
307 silly placeDep ROOT minizlib@2.1.2 OK for: minipass-fetch@1.4.1 want: ^2.0.0
308 timing idealTree:node_modules/minipass-fetch Completed in 4ms
309 timing idealTree:node_modules/encoding Completed in 0ms
310 timing idealTree:node_modules/minipass-flush Completed in 0ms
311 timing idealTree:node_modules/minipass-pipeline Completed in 0ms
312 timing idealTree:node_modules/minipass-sized Completed in 0ms
313 timing idealTree:node_modules/minizlib Completed in 0ms
314 timing idealTree:node_modules/mkdirp Completed in 0ms
315 silly placeDep ROOT abbrev@1.1.1 OK for: nopt@5.0.0 want: 1
316 timing idealTree:node_modules/nopt Completed in 1ms
317 timing idealTree:node_modules/abbrev Completed in 0ms
318 silly placeDep ROOT are-we-there-yet@3.0.1 OK for: npmlog@6.0.2 want: ^3.0.0
319 silly placeDep ROOT console-control-strings@1.1.0 OK for: npmlog@6.0.2 want: ^1.1.0
320 silly placeDep ROOT gauge@4.0.4 OK for: npmlog@6.0.2 want: ^4.0.3
321 silly placeDep ROOT set-blocking@2.0.0 OK for: npmlog@6.0.2 want: ^2.0.0
322 silly fetch manifest delegates@^1.0.0
323 silly fetch manifest readable-stream@^3.6.0
324 silly fetch manifest aproba@^1.0.3 || ^2.0.0
325 silly fetch manifest strip-ansi@^6.0.1
326 silly fetch manifest wide-align@^1.1.5
327 silly fetch manifest has-unicode@^2.0.1
328 silly fetch manifest signal-exit@^3.0.7
329 silly fetch manifest string-width@^4.2.3
330 silly fetch manifest color-support@^1.1.3
331 http fetch GET 200 https://registry.npmjs.org/wide-align 108ms (cache miss)
332 http fetch GET 200 https://registry.npmjs.org/readable-stream 115ms (cache miss)
333 http fetch GET 200 https://registry.npmjs.org/signal-exit 117ms (cache miss)
334 http fetch GET 200 https://registry.npmjs.org/has-unicode 124ms (cache miss)
335 http fetch GET 200 https://registry.npmjs.org/color-support 123ms (cache miss)
336 http fetch GET 200 https://registry.npmjs.org/strip-ansi 130ms (cache miss)
337 http fetch GET 200 https://registry.npmjs.org/string-width 127ms (cache miss)
338 http fetch GET 200 https://registry.npmjs.org/aproba 135ms (cache miss)
339 http fetch GET 200 https://registry.npmjs.org/delegates 141ms (cache miss)
340 timing idealTree:node_modules/npmlog Completed in 146ms
341 silly placeDep ROOT delegates@1.0.0 OK for: are-we-there-yet@3.0.1 want: ^1.0.0
342 silly placeDep ROOT readable-stream@3.6.2 OK for: are-we-there-yet@3.0.1 want: ^3.6.0
343 silly fetch manifest string_decoder@^1.1.1
344 silly fetch manifest util-deprecate@^1.0.1
345 http fetch GET 200 https://registry.npmjs.org/util-deprecate 75ms (cache miss)
346 http fetch GET 200 https://registry.npmjs.org/string_decoder 81ms (cache miss)
347 timing idealTree:node_modules/are-we-there-yet Completed in 86ms
348 timing idealTree:node_modules/console-control-strings Completed in 0ms
349 timing idealTree:node_modules/delegates Completed in 0ms
350 silly placeDep ROOT aproba@2.0.0 OK for: gauge@4.0.4 want: ^1.0.3 || ^2.0.0
351 silly placeDep ROOT color-support@1.1.3 OK for: gauge@4.0.4 want: ^1.1.3
352 silly placeDep ROOT has-unicode@2.0.1 OK for: gauge@4.0.4 want: ^2.0.1
353 silly placeDep ROOT signal-exit@3.0.7 OK for: gauge@4.0.4 want: ^3.0.7
354 silly placeDep ROOT string-width@4.2.3 OK for: gauge@4.0.4 want: ^4.2.3
355 silly placeDep ROOT strip-ansi@6.0.1 OK for: gauge@4.0.4 want: ^6.0.1
356 silly placeDep ROOT wide-align@1.1.5 OK for: gauge@4.0.4 want: ^1.1.5
357 silly fetch manifest emoji-regex@^8.0.0
358 silly fetch manifest is-fullwidth-code-point@^3.0.0
359 silly fetch manifest ansi-regex@^5.0.1
360 http fetch GET 200 https://registry.npmjs.org/is-fullwidth-code-point 77ms (cache miss)
361 http fetch GET 200 https://registry.npmjs.org/ansi-regex 78ms (cache miss)
362 http fetch GET 200 https://registry.npmjs.org/emoji-regex 82ms (cache miss)
363 timing idealTree:node_modules/gauge Completed in 94ms
364 timing idealTree:node_modules/aproba Completed in 0ms
365 timing idealTree:node_modules/color-support Completed in 0ms
366 timing idealTree:node_modules/has-unicode Completed in 0ms
367 timing idealTree:node_modules/once Completed in 0ms
368 silly placeDep ROOT aggregate-error@3.1.0 OK for: p-map@4.0.0 want: ^3.0.0
369 silly fetch manifest clean-stack@^2.0.0
370 silly fetch manifest indent-string@^4.0.0
371 http fetch GET 200 https://registry.npmjs.org/indent-string 80ms (cache miss)
372 http fetch GET 200 https://registry.npmjs.org/clean-stack 82ms (cache miss)
373 timing idealTree:node_modules/p-map Completed in 84ms
374 silly placeDep ROOT clean-stack@2.2.0 OK for: aggregate-error@3.1.0 want: ^2.0.0
375 silly placeDep ROOT indent-string@4.0.0 OK for: aggregate-error@3.1.0 want: ^4.0.0
376 timing idealTree:node_modules/aggregate-error Completed in 3ms
377 timing idealTree:node_modules/clean-stack Completed in 0ms
378 timing idealTree:node_modules/indent-string Completed in 0ms
379 timing idealTree:node_modules/path-is-absolute Completed in 0ms
380 silly placeDep ROOT detect-libc@2.0.3 OK for: prebuild-install@7.1.2 want: ^2.0.0
381 silly placeDep ROOT expand-template@2.0.3 OK for: prebuild-install@7.1.2 want: ^2.0.3
382 silly placeDep ROOT github-from-package@0.0.0 OK for: prebuild-install@7.1.2 want: 0.0.0
383 silly placeDep ROOT minimist@1.2.8 OK for: prebuild-install@7.1.2 want: ^1.2.3
384 silly placeDep ROOT mkdirp-classic@0.5.3 OK for: prebuild-install@7.1.2 want: ^0.5.3
385 silly placeDep ROOT napi-build-utils@1.0.2 OK for: prebuild-install@7.1.2 want: ^1.0.1
386 silly placeDep ROOT node-abi@3.62.0 OK for: prebuild-install@7.1.2 want: ^3.3.0
387 silly placeDep ROOT pump@3.0.0 OK for: prebuild-install@7.1.2 want: ^3.0.0
388 silly placeDep ROOT rc@1.2.8 OK for: prebuild-install@7.1.2 want: ^1.2.7
389 silly placeDep ROOT simple-get@4.0.1 OK for: prebuild-install@7.1.2 want: ^4.0.0
390 silly placeDep ROOT tar-fs@2.1.1 OK for: prebuild-install@7.1.2 want: ^2.0.0
391 silly placeDep ROOT tunnel-agent@0.6.0 OK for: prebuild-install@7.1.2 want: ^0.6.0
392 silly fetch manifest end-of-stream@^1.1.0
393 silly fetch manifest deep-extend@^0.6.0
394 silly fetch manifest ini@~1.3.0
395 silly fetch manifest strip-json-comments@~2.0.1
396 silly fetch manifest decompress-response@^6.0.0
397 silly fetch manifest simple-concat@^1.0.0
398 silly fetch manifest chownr@^1.1.1
399 silly fetch manifest tar-stream@^2.1.4
400 http fetch GET 200 https://registry.npmjs.org/end-of-stream 120ms (cache miss)
401 http fetch GET 200 https://registry.npmjs.org/tar-stream 115ms (cache miss)
402 http fetch GET 200 https://registry.npmjs.org/simple-concat 125ms (cache miss)
403 http fetch GET 200 https://registry.npmjs.org/strip-json-comments 129ms (cache miss)
404 http fetch GET 200 https://registry.npmjs.org/deep-extend 137ms (cache miss)
405 http fetch GET 200 https://registry.npmjs.org/ini 145ms (cache miss)
406 http fetch GET 200 https://registry.npmjs.org/decompress-response 180ms (cache miss)
407 timing idealTree:node_modules/prebuild-install Completed in 204ms
408 timing idealTree:node_modules/detect-libc Completed in 0ms
409 timing idealTree:node_modules/expand-template Completed in 0ms
410 timing idealTree:node_modules/github-from-package Completed in 0ms
411 timing idealTree:node_modules/minimist Completed in 0ms
412 timing idealTree:node_modules/mkdirp-classic Completed in 0ms
413 timing idealTree:node_modules/napi-build-utils Completed in 0ms
414 timing idealTree:node_modules/node-abi Completed in 1ms
415 timing idealTree:node_modules/promise-inflight Completed in 0ms
416 silly placeDep ROOT err-code@2.0.3 OK for: promise-retry@2.0.1 want: ^2.0.2
417 silly placeDep ROOT retry@0.12.0 OK for: promise-retry@2.0.1 want: ^0.12.0
418 timing idealTree:node_modules/promise-retry Completed in 3ms
419 timing idealTree:node_modules/err-code Completed in 0ms
420 silly placeDep ROOT end-of-stream@1.4.4 OK for: pump@3.0.0 want: ^1.1.0
421 timing idealTree:node_modules/pump Completed in 2ms
422 timing idealTree:node_modules/end-of-stream Completed in 0ms
423 silly placeDep ROOT deep-extend@0.6.0 OK for: rc@1.2.8 want: ^0.6.0
424 silly placeDep ROOT ini@1.3.8 OK for: rc@1.2.8 want: ~1.3.0
425 silly placeDep ROOT strip-json-comments@2.0.1 OK for: rc@1.2.8 want: ~2.0.1
426 timing idealTree:node_modules/rc Completed in 4ms
427 timing idealTree:node_modules/deep-extend Completed in 0ms
428 timing idealTree:node_modules/ini Completed in 0ms
429 silly placeDep ROOT string_decoder@1.3.0 OK for: readable-stream@3.6.2 want: ^1.1.1
430 silly placeDep ROOT util-deprecate@1.0.2 OK for: readable-stream@3.6.2 want: ^1.0.1
431 silly fetch manifest safe-buffer@~5.2.0
432 http fetch GET 200 https://registry.npmjs.org/safe-buffer 41ms (cache hit)
433 timing idealTree:node_modules/readable-stream Completed in 49ms
434 timing idealTree:node_modules/retry Completed in 0ms
435 timing idealTree:node_modules/rimraf Completed in 0ms
436 timing idealTree:node_modules/semver Completed in 0ms
437 timing idealTree:node_modules/set-blocking Completed in 0ms
438 timing idealTree:node_modules/signal-exit Completed in 0ms
439 silly placeDep ROOT decompress-response@6.0.0 OK for: simple-get@4.0.1 want: ^6.0.0
440 silly placeDep ROOT simple-concat@1.0.1 OK for: simple-get@4.0.1 want: ^1.0.0
441 silly fetch manifest mimic-response@^3.1.0
442 http fetch GET 200 https://registry.npmjs.org/mimic-response 75ms (cache miss)
443 timing idealTree:node_modules/simple-get Completed in 80ms
444 silly placeDep ROOT mimic-response@3.1.0 OK for: decompress-response@6.0.0 want: ^3.1.0
445 timing idealTree:node_modules/decompress-response Completed in 1ms
446 timing idealTree:node_modules/mimic-response Completed in 0ms
447 timing idealTree:node_modules/simple-concat Completed in 0ms
448 silly placeDep node_modules/socks-proxy-agent debug@4.3.4 OK for: socks-proxy-agent@6.2.1 want: ^4.3.3
449 silly placeDep ROOT socks@2.8.3 OK for: socks-proxy-agent@6.2.1 want: ^2.6.2
450 silly fetch manifest ip-address@^9.0.5
451 silly fetch manifest smart-buffer@^4.2.0
452 http fetch GET 200 https://registry.npmjs.org/smart-buffer 72ms (cache miss)
453 http fetch GET 200 https://registry.npmjs.org/ip-address 74ms (cache miss)
454 timing idealTree:node_modules/socks-proxy-agent Completed in 79ms
455 silly placeDep ROOT ip-address@9.0.5 OK for: socks@2.8.3 want: ^9.0.5
456 silly placeDep ROOT smart-buffer@4.2.0 OK for: socks@2.8.3 want: ^4.2.0
457 silly fetch manifest jsbn@1.1.0
458 silly fetch manifest sprintf-js@^1.1.3
459 http fetch GET 200 https://registry.npmjs.org/jsbn 84ms (cache miss)
460 http fetch GET 200 https://registry.npmjs.org/sprintf-js 103ms (cache miss)
461 timing idealTree:node_modules/socks Completed in 107ms
462 silly placeDep ROOT jsbn@1.1.0 OK for: ip-address@9.0.5 want: 1.1.0
463 silly placeDep ROOT sprintf-js@1.1.3 OK for: ip-address@9.0.5 want: ^1.1.3
464 timing idealTree:node_modules/ip-address Completed in 2ms
465 timing idealTree:node_modules/jsbn Completed in 0ms
466 timing idealTree:node_modules/smart-buffer Completed in 0ms
467 timing idealTree:node_modules/sprintf-js Completed in 0ms
468 timing idealTree:node_modules/ssri Completed in 0ms
469 silly placeDep node_modules/string_decoder safe-buffer@5.2.1 OK for: string_decoder@1.3.0 want: ~5.2.0
470 timing idealTree:node_modules/string_decoder Completed in 2ms
471 silly placeDep ROOT emoji-regex@8.0.0 OK for: string-width@4.2.3 want: ^8.0.0
472 silly placeDep ROOT is-fullwidth-code-point@3.0.0 OK for: string-width@4.2.3 want: ^3.0.0
473 timing idealTree:node_modules/string-width Completed in 2ms
474 timing idealTree:node_modules/emoji-regex Completed in 0ms
475 timing idealTree:node_modules/is-fullwidth-code-point Completed in 0ms
476 silly placeDep ROOT ansi-regex@5.0.1 OK for: strip-ansi@6.0.1 want: ^5.0.1
477 timing idealTree:node_modules/strip-ansi Completed in 1ms
478 timing idealTree:node_modules/ansi-regex Completed in 0ms
479 timing idealTree:node_modules/strip-json-comments Completed in 0ms
480 silly placeDep node_modules/tar minipass@5.0.0 OK for: tar@6.2.1 want: ^5.0.0
481 timing idealTree:node_modules/tar Completed in 1ms
482 silly placeDep node_modules/tar-fs chownr@1.1.4 OK for: tar-fs@2.1.1 want: ^1.1.1
483 silly placeDep ROOT tar-stream@2.2.0 OK for: tar-fs@2.1.1 want: ^2.1.4
484 silly fetch manifest bl@^4.0.3
485 silly fetch manifest fs-constants@^1.0.0
486 http fetch GET 200 https://registry.npmjs.org/fs-constants 91ms (cache miss)
487 http fetch GET 200 https://registry.npmjs.org/bl 95ms (cache miss)
488 timing idealTree:node_modules/tar-fs Completed in 104ms
489 silly placeDep ROOT bl@4.1.0 OK for: tar-stream@2.2.0 want: ^4.0.3
490 silly placeDep ROOT fs-constants@1.0.0 OK for: tar-stream@2.2.0 want: ^1.0.0
491 silly fetch manifest buffer@^5.5.0
492 http fetch GET 200 https://registry.npmjs.org/buffer 111ms (cache miss)
493 timing idealTree:node_modules/tar-stream Completed in 123ms
494 silly placeDep ROOT buffer@5.7.1 OK for: bl@4.1.0 want: ^5.5.0
495 silly fetch manifest base64-js@^1.3.1
496 silly fetch manifest ieee754@^1.1.13
497 http fetch GET 200 https://registry.npmjs.org/ieee754 71ms (cache miss)
498 http fetch GET 200 https://registry.npmjs.org/base64-js 73ms (cache miss)
499 timing idealTree:node_modules/bl Completed in 77ms
500 silly placeDep ROOT base64-js@1.5.1 OK for: buffer@5.7.1 want: ^1.3.1
501 silly placeDep ROOT ieee754@1.2.1 OK for: buffer@5.7.1 want: ^1.1.13
502 timing idealTree:node_modules/buffer Completed in 3ms
503 timing idealTree:node_modules/base64-js Completed in 0ms
504 timing idealTree:node_modules/fs-constants Completed in 0ms
505 timing idealTree:node_modules/ieee754 Completed in 0ms
506 timing idealTree:node_modules/tunnel-agent Completed in 0ms
507 silly placeDep ROOT unique-slug@2.0.2 OK for: unique-filename@1.1.1 want: ^2.0.0
508 silly fetch manifest imurmurhash@^0.1.4
509 http fetch GET 200 https://registry.npmjs.org/imurmurhash 79ms (cache miss)
510 timing idealTree:node_modules/unique-filename Completed in 82ms
511 silly placeDep ROOT imurmurhash@0.1.4 OK for: unique-slug@2.0.2 want: ^0.1.4
512 timing idealTree:node_modules/unique-slug Completed in 1ms
513 timing idealTree:node_modules/imurmurhash Completed in 0ms
514 timing idealTree:node_modules/util-deprecate Completed in 0ms
515 silly placeDep ROOT isexe@2.0.0 OK for: which@2.0.2 want: ^2.0.0
516 timing idealTree:node_modules/which Completed in 1ms
517 timing idealTree:node_modules/isexe Completed in 0ms
518 timing idealTree:node_modules/wide-align Completed in 0ms
519 timing idealTree:node_modules/wrappy Completed in 0ms
520 timing idealTree:node_modules/yallist Completed in 0ms
521 silly placeDep node_modules/agent-base ms@2.1.2 OK for: debug@4.3.4 want: 2.1.2
522 timing idealTree:node_modules/agent-base/node_modules/debug Completed in 1ms
523 timing idealTree:node_modules/agent-base/node_modules/ms Completed in 0ms
524 timing idealTree:node_modules/cacache/node_modules/lru-cache Completed in 0ms
525 silly placeDep node_modules/http-proxy-agent ms@2.1.2 OK for: debug@4.3.4 want: 2.1.2
526 timing idealTree:node_modules/http-proxy-agent/node_modules/debug Completed in 1ms
527 timing idealTree:node_modules/http-proxy-agent/node_modules/ms Completed in 0ms
528 silly placeDep node_modules/https-proxy-agent ms@2.1.2 OK for: debug@4.3.4 want: 2.1.2
529 timing idealTree:node_modules/https-proxy-agent/node_modules/debug Completed in 1ms
530 timing idealTree:node_modules/https-proxy-agent/node_modules/ms Completed in 0ms
531 timing idealTree:node_modules/make-fetch-happen/node_modules/lru-cache Completed in 0ms
532 silly placeDep node_modules/socks-proxy-agent ms@2.1.2 OK for: debug@4.3.4 want: 2.1.2
533 timing idealTree:node_modules/socks-proxy-agent/node_modules/debug Completed in 1ms
534 timing idealTree:node_modules/socks-proxy-agent/node_modules/ms Completed in 0ms
535 timing idealTree:node_modules/string_decoder/node_modules/safe-buffer Completed in 0ms
536 timing idealTree:node_modules/tar-fs/node_modules/chownr Completed in 0ms
537 timing idealTree:node_modules/tar/node_modules/minipass Completed in 0ms
538 timing idealTree:buildDeps Completed in 3897ms
539 timing idealTree:fixDepFlags Completed in 3ms
540 timing idealTree Completed in 4008ms
541 timing reify:loadTrees Completed in 4008ms
542 timing reify:diffTrees Completed in 41ms
543 silly reify moves {}
544 timing reify:retireShallow Completed in 2ms
545 timing reify:createSparse Completed in 156ms
546 timing reify:trashOmits Completed in 0ms
547 timing reify:loadBundles Completed in 0ms
548 silly tarball no local data for isexe@https://registry.npmjs.org/isexe/-/isexe-2.0.0.tgz. Extracting by manifest.
549 silly tarball no local data for unique-slug@https://registry.npmjs.org/unique-slug/-/unique-slug-2.0.2.tgz. Extracting by manifest.
550 silly tarball no local data for imurmurhash@https://registry.npmjs.org/imurmurhash/-/imurmurhash-0.1.4.tgz. Extracting by manifest.
551 silly tarball no local data for ieee754@https://registry.npmjs.org/ieee754/-/ieee754-1.2.1.tgz. Extracting by manifest.
552 silly tarball no local data for fs-constants@https://registry.npmjs.org/fs-constants/-/fs-constants-1.0.0.tgz. Extracting by manifest.
553 silly tarball no local data for bl@https://registry.npmjs.org/bl/-/bl-4.1.0.tgz. Extracting by manifest.
554 silly tarball no local data for buffer@https://registry.npmjs.org/buffer/-/buffer-5.7.1.tgz. Extracting by manifest.
555 silly tarball no local data for base64-js@https://registry.npmjs.org/base64-js/-/base64-js-1.5.1.tgz. Extracting by manifest.
556 silly tarball no local data for tar-stream@https://registry.npmjs.org/tar-stream/-/tar-stream-2.2.0.tgz. Extracting by manifest.
557 silly tarball no local data for is-fullwidth-code-point@https://registry.npmjs.org/is-fullwidth-code-point/-/is-fullwidth-code-point-3.0.0.tgz. Extracting by manifest.
558 silly tarball no local data for ansi-regex@https://registry.npmjs.org/ansi-regex/-/ansi-regex-5.0.1.tgz. Extracting by manifest.
559 silly tarball no local data for emoji-regex@https://registry.npmjs.org/emoji-regex/-/emoji-regex-8.0.0.tgz. Extracting by manifest.
560 silly tarball no local data for sprintf-js@https://registry.npmjs.org/sprintf-js/-/sprintf-js-1.1.3.tgz. Extracting by manifest.
561 silly tarball no local data for jsbn@https://registry.npmjs.org/jsbn/-/jsbn-1.1.0.tgz. Extracting by manifest.
562 silly tarball no local data for socks@https://registry.npmjs.org/socks/-/socks-2.8.3.tgz. Extracting by manifest.
563 silly tarball no local data for smart-buffer@https://registry.npmjs.org/smart-buffer/-/smart-buffer-4.2.0.tgz. Extracting by manifest.
564 silly tarball no local data for mimic-response@https://registry.npmjs.org/mimic-response/-/mimic-response-3.1.0.tgz. Extracting by manifest.
565 silly tarball no local data for ip-address@https://registry.npmjs.org/ip-address/-/ip-address-9.0.5.tgz. Extracting by manifest.
566 silly tarball no local data for simple-concat@https://registry.npmjs.org/simple-concat/-/simple-concat-1.0.1.tgz. Extracting by manifest.
567 silly tarball no local data for strip-json-comments@https://registry.npmjs.org/strip-json-comments/-/strip-json-comments-2.0.1.tgz. Extracting by manifest.
568 silly tarball no local data for decompress-response@https://registry.npmjs.org/decompress-response/-/decompress-response-6.0.0.tgz. Extracting by manifest.
569 silly tarball no local data for util-deprecate@https://registry.npmjs.org/util-deprecate/-/util-deprecate-1.0.2.tgz. Extracting by manifest.
570 silly tarball no local data for ini@https://registry.npmjs.org/ini/-/ini-1.3.8.tgz. Extracting by manifest.
571 silly tarball no local data for end-of-stream@https://registry.npmjs.org/end-of-stream/-/end-of-stream-1.4.4.tgz. Extracting by manifest.
572 silly tarball no local data for string_decoder@https://registry.npmjs.org/string_decoder/-/string_decoder-1.3.0.tgz. Extracting by manifest.
573 silly tarball no local data for deep-extend@https://registry.npmjs.org/deep-extend/-/deep-extend-0.6.0.tgz. Extracting by manifest.
574 silly tarball no local data for tar-fs@https://registry.npmjs.org/tar-fs/-/tar-fs-2.1.1.tgz. Extracting by manifest.
575 silly tarball no local data for err-code@https://registry.npmjs.org/err-code/-/err-code-2.0.3.tgz. Extracting by manifest.
576 silly tarball no local data for retry@https://registry.npmjs.org/retry/-/retry-0.12.0.tgz. Extracting by manifest.
577 silly tarball no local data for pump@https://registry.npmjs.org/pump/-/pump-3.0.0.tgz. Extracting by manifest.
578 silly tarball no local data for rc@https://registry.npmjs.org/rc/-/rc-1.2.8.tgz. Extracting by manifest.
579 silly tarball no local data for napi-build-utils@https://registry.npmjs.org/napi-build-utils/-/napi-build-utils-1.0.2.tgz. Extracting by manifest.
580 silly tarball no local data for node-abi@https://registry.npmjs.org/node-abi/-/node-abi-3.62.0.tgz. Extracting by manifest.
581 silly tarball no local data for simple-get@https://registry.npmjs.org/simple-get/-/simple-get-4.0.1.tgz. Extracting by manifest.
582 silly tarball no local data for tunnel-agent@https://registry.npmjs.org/tunnel-agent/-/tunnel-agent-0.6.0.tgz. Extracting by manifest.
583 silly tarball no local data for minimist@https://registry.npmjs.org/minimist/-/minimist-1.2.8.tgz. Extracting by manifest.
584 silly tarball no local data for mkdirp-classic@https://registry.npmjs.org/mkdirp-classic/-/mkdirp-classic-0.5.3.tgz. Extracting by manifest.
585 silly tarball no local data for github-from-package@https://registry.npmjs.org/github-from-package/-/github-from-package-0.0.0.tgz. Extracting by manifest.
586 silly tarball no local data for detect-libc@https://registry.npmjs.org/detect-libc/-/detect-libc-2.0.3.tgz. Extracting by manifest.
587 silly tarball no local data for indent-string@https://registry.npmjs.org/indent-string/-/indent-string-4.0.0.tgz. Extracting by manifest.
588 silly tarball no local data for expand-template@https://registry.npmjs.org/expand-template/-/expand-template-2.0.3.tgz. Extracting by manifest.
589 silly tarball no local data for clean-stack@https://registry.npmjs.org/clean-stack/-/clean-stack-2.2.0.tgz. Extracting by manifest.
590 silly tarball no local data for aggregate-error@https://registry.npmjs.org/aggregate-error/-/aggregate-error-3.1.0.tgz. Extracting by manifest.
591 silly tarball no local data for strip-ansi@https://registry.npmjs.org/strip-ansi/-/strip-ansi-6.0.1.tgz. Extracting by manifest.
592 silly tarball no local data for wide-align@https://registry.npmjs.org/wide-align/-/wide-align-1.1.5.tgz. Extracting by manifest.
593 silly tarball no local data for string-width@https://registry.npmjs.org/string-width/-/string-width-4.2.3.tgz. Extracting by manifest.
594 silly tarball no local data for signal-exit@https://registry.npmjs.org/signal-exit/-/signal-exit-3.0.7.tgz. Extracting by manifest.
595 silly tarball no local data for color-support@https://registry.npmjs.org/color-support/-/color-support-1.1.3.tgz. Extracting by manifest.
596 silly tarball no local data for has-unicode@https://registry.npmjs.org/has-unicode/-/has-unicode-2.0.1.tgz. Extracting by manifest.
597 silly tarball no local data for aproba@https://registry.npmjs.org/aproba/-/aproba-2.0.0.tgz. Extracting by manifest.
598 silly tarball no local data for readable-stream@https://registry.npmjs.org/readable-stream/-/readable-stream-3.6.2.tgz. Extracting by manifest.
599 silly tarball no local data for console-control-strings@https://registry.npmjs.org/console-control-strings/-/console-control-strings-1.1.0.tgz. Extracting by manifest.
600 silly tarball no local data for set-blocking@https://registry.npmjs.org/set-blocking/-/set-blocking-2.0.0.tgz. Extracting by manifest.
601 silly tarball no local data for are-we-there-yet@https://registry.npmjs.org/are-we-there-yet/-/are-we-there-yet-3.0.1.tgz. Extracting by manifest.
602 silly tarball no local data for delegates@https://registry.npmjs.org/delegates/-/delegates-1.0.0.tgz. Extracting by manifest.
603 silly tarball no local data for gauge@https://registry.npmjs.org/gauge/-/gauge-4.0.4.tgz. Extracting by manifest.
604 silly tarball no local data for abbrev@https://registry.npmjs.org/abbrev/-/abbrev-1.1.1.tgz. Extracting by manifest.
605 silly tarball no local data for minizlib@https://registry.npmjs.org/minizlib/-/minizlib-2.1.2.tgz. Extracting by manifest.
606 silly tarball no local data for minipass-sized@https://registry.npmjs.org/minipass-sized/-/minipass-sized-1.0.3.tgz. Extracting by manifest.
607 silly tarball no local data for encoding@https://registry.npmjs.org/encoding/-/encoding-0.1.13.tgz. Extracting by manifest.
608 silly tarball no local data for balanced-match@https://registry.npmjs.org/balanced-match/-/balanced-match-1.0.2.tgz. Extracting by manifest.
609 silly tarball no local data for brace-expansion@https://registry.npmjs.org/brace-expansion/-/brace-expansion-1.1.11.tgz. Extracting by manifest.
610 silly tarball no local data for yallist@https://registry.npmjs.org/yallist/-/yallist-4.0.0.tgz. Extracting by manifest.
611 silly tarball no local data for unique-filename@https://registry.npmjs.org/unique-filename/-/unique-filename-1.1.1.tgz. Extracting by manifest.
612 silly tarball no local data for concat-map@https://registry.npmjs.org/concat-map/-/concat-map-0.0.1.tgz. Extracting by manifest.
613 silly tarball no local data for p-map@https://registry.npmjs.org/p-map/-/p-map-4.0.0.tgz. Extracting by manifest.
614 silly tarball no local data for mkdirp@https://registry.npmjs.org/mkdirp/-/mkdirp-1.0.4.tgz. Extracting by manifest.
615 silly tarball no local data for agent-base@https://registry.npmjs.org/agent-base/-/agent-base-6.0.2.tgz. Extracting by manifest.
616 silly tarball no local data for promise-inflight@https://registry.npmjs.org/promise-inflight/-/promise-inflight-1.0.1.tgz. Extracting by manifest.
617 silly tarball no local data for infer-owner@https://registry.npmjs.org/infer-owner/-/infer-owner-1.0.4.tgz. Extracting by manifest.
618 silly tarball no local data for fs-minipass@https://registry.npmjs.org/fs-minipass/-/fs-minipass-2.1.0.tgz. Extracting by manifest.
619 silly tarball no local data for @gar/promisify@https://registry.npmjs.org/@gar/promisify/-/promisify-1.1.3.tgz. Extracting by manifest.
620 silly tarball no local data for @tootallnate/once@https://registry.npmjs.org/@tootallnate/once/-/once-1.1.2.tgz. Extracting by manifest.
621 silly tarball no local data for chownr@https://registry.npmjs.org/chownr/-/chownr-2.0.0.tgz. Extracting by manifest.
622 silly tarball no local data for humanize-ms@https://registry.npmjs.org/humanize-ms/-/humanize-ms-1.2.1.tgz. Extracting by manifest.
623 silly tarball no local data for promise-retry@https://registry.npmjs.org/promise-retry/-/promise-retry-2.0.1.tgz. Extracting by manifest.
624 silly tarball no local data for minipass-fetch@https://registry.npmjs.org/minipass-fetch/-/minipass-fetch-1.4.1.tgz. Extracting by manifest.
625 silly tarball no local data for socks-proxy-agent@https://registry.npmjs.org/socks-proxy-agent/-/socks-proxy-agent-6.2.1.tgz. Extracting by manifest.
626 silly tarball no local data for @npmcli/move-file@https://registry.npmjs.org/@npmcli/move-file/-/move-file-1.1.2.tgz. Extracting by manifest.
627 silly tarball no local data for minipass-pipeline@https://registry.npmjs.org/minipass-pipeline/-/minipass-pipeline-1.2.4.tgz. Extracting by manifest.
628 silly tarball no local data for ssri@https://registry.npmjs.org/ssri/-/ssri-8.0.1.tgz. Extracting by manifest.
629 silly tarball no local data for minipass-collect@https://registry.npmjs.org/minipass-collect/-/minipass-collect-1.0.2.tgz. Extracting by manifest.
630 silly tarball no local data for minipass@https://registry.npmjs.org/minipass/-/minipass-3.3.6.tgz. Extracting by manifest.
631 silly tarball no local data for is-lambda@https://registry.npmjs.org/is-lambda/-/is-lambda-1.0.1.tgz. Extracting by manifest.
632 silly tarball no local data for @npmcli/fs@https://registry.npmjs.org/@npmcli/fs/-/fs-1.1.1.tgz. Extracting by manifest.
633 silly tarball no local data for minipass-flush@https://registry.npmjs.org/minipass-flush/-/minipass-flush-1.0.5.tgz. Extracting by manifest.
634 silly tarball no local data for cacache@https://registry.npmjs.org/cacache/-/cacache-15.3.0.tgz. Extracting by manifest.
635 silly tarball no local data for agentkeepalive@https://registry.npmjs.org/agentkeepalive/-/agentkeepalive-4.5.0.tgz. Extracting by manifest.
636 silly tarball no local data for wrappy@https://registry.npmjs.org/wrappy/-/wrappy-1.0.2.tgz. Extracting by manifest.
637 silly tarball no local data for http-proxy-agent@https://registry.npmjs.org/http-proxy-agent/-/http-proxy-agent-4.0.1.tgz. Extracting by manifest.
638 silly tarball no local data for https-proxy-agent@https://registry.npmjs.org/https-proxy-agent/-/https-proxy-agent-5.0.1.tgz. Extracting by manifest.
639 silly tarball no local data for http-cache-semantics@https://registry.npmjs.org/http-cache-semantics/-/http-cache-semantics-4.1.1.tgz. Extracting by manifest.
640 silly tarball no local data for minimatch@https://registry.npmjs.org/minimatch/-/minimatch-3.1.2.tgz. Extracting by manifest.
641 silly tarball no local data for path-is-absolute@https://registry.npmjs.org/path-is-absolute/-/path-is-absolute-1.0.1.tgz. Extracting by manifest.
642 silly tarball no local data for once@https://registry.npmjs.org/once/-/once-1.4.0.tgz. Extracting by manifest.
643 silly tarball no local data for fs.realpath@https://registry.npmjs.org/fs.realpath/-/fs.realpath-1.0.0.tgz. Extracting by manifest.
644 silly tarball no local data for npmlog@https://registry.npmjs.org/npmlog/-/npmlog-6.0.2.tgz. Extracting by manifest.
645 silly tarball no local data for inflight@https://registry.npmjs.org/inflight/-/inflight-1.0.6.tgz. Extracting by manifest.
646 silly tarball no local data for semver@https://registry.npmjs.org/semver/-/semver-7.6.2.tgz. Extracting by manifest.
647 silly tarball no local data for nopt@https://registry.npmjs.org/nopt/-/nopt-5.0.0.tgz. Extracting by manifest.
648 silly tarball no local data for rimraf@https://registry.npmjs.org/rimraf/-/rimraf-3.0.2.tgz. Extracting by manifest.
649 silly tarball no local data for glob@https://registry.npmjs.org/glob/-/glob-7.2.3.tgz. Extracting by manifest.
650 silly tarball no local data for env-paths@https://registry.npmjs.org/env-paths/-/env-paths-2.2.1.tgz. Extracting by manifest.
651 silly tarball no local data for which@https://registry.npmjs.org/which/-/which-2.0.2.tgz. Extracting by manifest.
652 silly tarball no local data for file-uri-to-path@https://registry.npmjs.org/file-uri-to-path/-/file-uri-to-path-1.0.0.tgz. Extracting by manifest.
653 silly tarball no local data for prebuild-install@https://registry.npmjs.org/prebuild-install/-/prebuild-install-7.1.2.tgz. Extracting by manifest.
654 silly tarball no local data for make-fetch-happen@https://registry.npmjs.org/make-fetch-happen/-/make-fetch-happen-9.1.0.tgz. Extracting by manifest.
655 silly tarball no local data for graceful-fs@https://registry.npmjs.org/graceful-fs/-/graceful-fs-4.2.11.tgz. Extracting by manifest.
656 silly tarball no local data for tar@https://registry.npmjs.org/tar/-/tar-6.2.1.tgz. Extracting by manifest.
657 silly tarball no local data for sqlite3@https://registry.npmjs.org/sqlite3/-/sqlite3-5.1.7.tgz. Extracting by manifest.
658 silly tarball no local data for node-gyp@https://registry.npmjs.org/node-gyp/-/node-gyp-8.4.1.tgz. Extracting by manifest.
659 silly tarball no local data for bindings@https://registry.npmjs.org/bindings/-/bindings-1.5.0.tgz. Extracting by manifest.
660 silly tarball no local data for node-addon-api@https://registry.npmjs.org/node-addon-api/-/node-addon-api-7.1.0.tgz. Extracting by manifest.
661 silly tarball no local data for node-red-node-sqlite@https://registry.npmjs.org/node-red-node-sqlite/-/node-red-node-sqlite-1.1.0.tgz. Extracting by manifest.
662 silly tarball no local data for safe-buffer@https://registry.npmjs.org/safe-buffer/-/safe-buffer-5.2.1.tgz. Extracting by manifest.
663 silly tarball no local data for chownr@https://registry.npmjs.org/chownr/-/chownr-1.1.4.tgz. Extracting by manifest.
664 silly tarball no local data for lru-cache@https://registry.npmjs.org/lru-cache/-/lru-cache-6.0.0.tgz. Extracting by manifest.
665 silly tarball no local data for lru-cache@https://registry.npmjs.org/lru-cache/-/lru-cache-6.0.0.tgz. Extracting by manifest.
666 silly tarball no local data for minipass@https://registry.npmjs.org/minipass/-/minipass-5.0.0.tgz. Extracting by manifest.
667 timing reifyNode:node_modules/https-proxy-agent/node_modules/ms Completed in 1032ms
668 timing reifyNode:node_modules/agent-base/node_modules/ms Completed in 1036ms
669 timing reifyNode:node_modules/http-proxy-agent/node_modules/ms Completed in 1070ms
670 timing reifyNode:node_modules/socks-proxy-agent/node_modules/ms Completed in 1072ms
671 timing reifyNode:node_modules/agent-base/node_modules/debug Completed in 2006ms
672 timing reifyNode:node_modules/https-proxy-agent/node_modules/debug Completed in 2020ms
673 timing reifyNode:node_modules/socks-proxy-agent/node_modules/debug Completed in 2026ms
674 timing reifyNode:node_modules/http-proxy-agent/node_modules/debug Completed in 2028ms
675 http fetch GET 200 https://registry.npmjs.org/unique-slug/-/unique-slug-2.0.2.tgz 2335ms (cache miss)
676 timing reifyNode:node_modules/unique-slug Completed in 2581ms
677 http fetch GET 200 https://registry.npmjs.org/imurmurhash/-/imurmurhash-0.1.4.tgz 2557ms (cache miss)
678 timing reifyNode:node_modules/imurmurhash Completed in 2805ms
679 http fetch GET 200 https://registry.npmjs.org/util-deprecate/-/util-deprecate-1.0.2.tgz 2649ms (cache miss)
680 timing reifyNode:node_modules/util-deprecate Completed in 2929ms
681 http fetch GET 200 https://registry.npmjs.org/fs-constants/-/fs-constants-1.0.0.tgz 2697ms (cache miss)
682 timing reifyNode:node_modules/fs-constants Completed in 2949ms
683 http fetch GET 200 https://registry.npmjs.org/isexe/-/isexe-2.0.0.tgz 2733ms (cache miss)
684 timing reifyNode:node_modules/isexe Completed in 2978ms
685 http fetch GET 200 https://registry.npmjs.org/simple-concat/-/simple-concat-1.0.1.tgz 2703ms (cache miss)
686 timing reifyNode:node_modules/simple-concat Completed in 2979ms
687 http fetch GET 200 https://registry.npmjs.org/ieee754/-/ieee754-1.2.1.tgz 2762ms (cache miss)
688 timing reifyNode:node_modules/ieee754 Completed in 3012ms
689 http fetch GET 200 https://registry.npmjs.org/ansi-regex/-/ansi-regex-5.0.1.tgz 2752ms (cache miss)
690 timing reifyNode:node_modules/ansi-regex Completed in 3013ms
691 http fetch GET 200 https://registry.npmjs.org/mimic-response/-/mimic-response-3.1.0.tgz 2769ms (cache miss)
692 timing reifyNode:node_modules/mimic-response Completed in 3042ms
693 http fetch GET 200 https://registry.npmjs.org/simple-get/-/simple-get-4.0.1.tgz 2762ms (cache miss)
694 timing reifyNode:node_modules/simple-get Completed in 3066ms
695 http fetch GET 200 https://registry.npmjs.org/tunnel-agent/-/tunnel-agent-0.6.0.tgz 2763ms (cache miss)
696 timing reifyNode:node_modules/tunnel-agent Completed in 3068ms
697 http fetch GET 200 https://registry.npmjs.org/github-from-package/-/github-from-package-0.0.0.tgz 2762ms (cache miss)
698 http fetch GET 200 https://registry.npmjs.org/expand-template/-/expand-template-2.0.3.tgz 2758ms (cache miss)
699 timing reifyNode:node_modules/expand-template Completed in 3071ms
700 http fetch GET 200 https://registry.npmjs.org/color-support/-/color-support-1.1.3.tgz 2752ms (cache miss)
701 timing reifyNode:node_modules/color-support Completed in 3082ms
702 http fetch GET 200 https://registry.npmjs.org/delegates/-/delegates-1.0.0.tgz 2744ms (cache miss)
703 timing reifyNode:node_modules/delegates Completed in 3084ms
704 http fetch GET 200 https://registry.npmjs.org/set-blocking/-/set-blocking-2.0.0.tgz 2749ms (cache miss)
705 timing reifyNode:node_modules/set-blocking Completed in 3085ms
706 http fetch GET 200 https://registry.npmjs.org/base64-js/-/base64-js-1.5.1.tgz 2847ms (cache miss)
707 timing reifyNode:node_modules/base64-js Completed in 3104ms
708 http fetch GET 200 https://registry.npmjs.org/mkdirp-classic/-/mkdirp-classic-0.5.3.tgz 2799ms (cache miss)
709 timing reifyNode:node_modules/mkdirp-classic Completed in 3107ms
710 http fetch GET 200 https://registry.npmjs.org/signal-exit/-/signal-exit-3.0.7.tgz 2866ms (cache miss)
711 timing reifyNode:node_modules/signal-exit Completed in 3188ms
712 http fetch GET 200 https://registry.npmjs.org/tar-stream/-/tar-stream-2.2.0.tgz 2943ms (cache miss)
713 timing reifyNode:node_modules/tar-stream Completed in 3202ms
714 http fetch GET 200 https://registry.npmjs.org/emoji-regex/-/emoji-regex-8.0.0.tgz 2944ms (cache miss)
715 timing reifyNode:node_modules/emoji-regex Completed in 3208ms
716 http fetch GET 200 https://registry.npmjs.org/promise-inflight/-/promise-inflight-1.0.1.tgz 2873ms (cache miss)
717 timing reifyNode:node_modules/promise-inflight Completed in 3239ms
718 http fetch GET 200 https://registry.npmjs.org/infer-owner/-/infer-owner-1.0.4.tgz 2875ms (cache miss)
719 timing reifyNode:node_modules/infer-owner Completed in 3246ms
720 http fetch GET 200 https://registry.npmjs.org/decompress-response/-/decompress-response-6.0.0.tgz 2972ms (cache miss)
721 timing reifyNode:node_modules/decompress-response Completed in 3251ms
722 http fetch GET 200 https://registry.npmjs.org/string_decoder/-/string_decoder-1.3.0.tgz 2970ms (cache miss)
723 timing reifyNode:node_modules/string_decoder Completed in 3256ms
724 http fetch GET 200 https://registry.npmjs.org/clean-stack/-/clean-stack-2.2.0.tgz 2984ms (cache miss)
725 timing reifyNode:node_modules/clean-stack Completed in 3300ms
726 http fetch GET 200 https://registry.npmjs.org/chownr/-/chownr-2.0.0.tgz 2929ms (cache miss)
727 timing reifyNode:node_modules/chownr Completed in 3301ms
728 http fetch GET 200 https://registry.npmjs.org/@gar/promisify/-/promisify-1.1.3.tgz 2933ms (cache miss)
729 timing reifyNode:node_modules/@gar/promisify Completed in 3303ms
730 http fetch GET 200 https://registry.npmjs.org/promise-retry/-/promise-retry-2.0.1.tgz 2931ms (cache miss)
731 timing reifyNode:node_modules/promise-retry Completed in 3308ms
732 http fetch GET 200 https://registry.npmjs.org/humanize-ms/-/humanize-ms-1.2.1.tgz 2935ms (cache miss)
733 timing reifyNode:node_modules/humanize-ms Completed in 3311ms
734 http fetch GET 200 https://registry.npmjs.org/is-fullwidth-code-point/-/is-fullwidth-code-point-3.0.0.tgz 3055ms (cache miss)
735 timing reifyNode:node_modules/is-fullwidth-code-point Completed in 3316ms
736 http fetch GET 200 https://registry.npmjs.org/concat-map/-/concat-map-0.0.1.tgz 2968ms (cache miss)
737 timing reifyNode:node_modules/concat-map Completed in 3321ms
738 http fetch GET 200 https://registry.npmjs.org/yallist/-/yallist-4.0.0.tgz 2973ms (cache miss)
739 timing reifyNode:node_modules/yallist Completed in 3323ms
740 http fetch GET 200 https://registry.npmjs.org/strip-json-comments/-/strip-json-comments-2.0.1.tgz 3051ms (cache miss)
741 timing reifyNode:node_modules/strip-json-comments Completed in 3328ms
742 http fetch GET 200 https://registry.npmjs.org/err-code/-/err-code-2.0.3.tgz 3045ms (cache miss)
743 timing reifyNode:node_modules/err-code Completed in 3337ms
744 http fetch GET 200 https://registry.npmjs.org/deep-extend/-/deep-extend-0.6.0.tgz 3053ms (cache miss)
745 timing reifyNode:node_modules/deep-extend Completed in 3339ms
746 http fetch GET 200 https://registry.npmjs.org/is-lambda/-/is-lambda-1.0.1.tgz 2945ms (cache miss)
747 timing reifyNode:node_modules/is-lambda Completed in 3340ms
748 http fetch GET 200 https://registry.npmjs.org/pump/-/pump-3.0.0.tgz 3053ms (cache miss)
749 timing reifyNode:node_modules/pump Completed in 3345ms
750 http fetch GET 200 https://registry.npmjs.org/indent-string/-/indent-string-4.0.0.tgz 3043ms (cache miss)
751 timing reifyNode:node_modules/indent-string Completed in 3355ms
752 http fetch GET 200 https://registry.npmjs.org/aggregate-error/-/aggregate-error-3.1.0.tgz 3041ms (cache miss)
753 timing reifyNode:node_modules/aggregate-error Completed in 3357ms
754 http fetch GET 200 https://registry.npmjs.org/string-width/-/string-width-4.2.3.tgz 3038ms (cache miss)
755 timing reifyNode:node_modules/string-width Completed in 3359ms
756 http fetch GET 200 https://registry.npmjs.org/aproba/-/aproba-2.0.0.tgz 3028ms (cache miss)
757 timing reifyNode:node_modules/aproba Completed in 3361ms
758 timing reifyNode:node_modules/github-from-package Completed in 3362ms
759 http fetch GET 200 https://registry.npmjs.org/wide-align/-/wide-align-1.1.5.tgz 3044ms (cache miss)
760 timing reifyNode:node_modules/wide-align Completed in 3363ms
761 http fetch GET 200 https://registry.npmjs.org/console-control-strings/-/console-control-strings-1.1.0.tgz 3031ms (cache miss)
762 timing reifyNode:node_modules/console-control-strings Completed in 3390ms
763 http fetch GET 200 https://registry.npmjs.org/strip-ansi/-/strip-ansi-6.0.1.tgz 3078ms (cache miss)
764 timing reifyNode:node_modules/strip-ansi Completed in 3395ms
765 http fetch GET 200 https://registry.npmjs.org/has-unicode/-/has-unicode-2.0.1.tgz 3067ms (cache miss)
766 timing reifyNode:node_modules/has-unicode Completed in 3398ms
767 http fetch GET 200 https://registry.npmjs.org/wrappy/-/wrappy-1.0.2.tgz 2995ms (cache miss)
768 timing reifyNode:node_modules/wrappy Completed in 3398ms
769 http fetch GET 200 https://registry.npmjs.org/http-cache-semantics/-/http-cache-semantics-4.1.1.tgz 2993ms (cache miss)
770 timing reifyNode:node_modules/http-cache-semantics Completed in 3400ms
771 http fetch GET 200 https://registry.npmjs.org/minipass-fetch/-/minipass-fetch-1.4.1.tgz 3025ms (cache miss)
772 http fetch GET 200 https://registry.npmjs.org/https-proxy-agent/-/https-proxy-agent-5.0.1.tgz 2999ms (cache miss)
773 http fetch GET 200 https://registry.npmjs.org/once/-/once-1.4.0.tgz 2994ms (cache miss)
774 timing reifyNode:node_modules/once Completed in 3405ms
775 http fetch GET 200 https://registry.npmjs.org/inflight/-/inflight-1.0.6.tgz 2996ms (cache miss)
776 warn deprecated inflight@1.0.6: This module is not supported, and leaks memory. Do not use it. Check out lru-cache if you want a good and tested way to coalesce async requests by a key value, which is much more comprehensive and powerful.
777 timing reifyNode:node_modules/inflight Completed in 3417ms
778 http fetch GET 200 https://registry.npmjs.org/agent-base/-/agent-base-6.0.2.tgz 3057ms (cache miss)
779 http fetch GET 200 https://registry.npmjs.org/encoding/-/encoding-0.1.13.tgz 3076ms (cache miss)
780 timing reifyNode:node_modules/encoding Completed in 3422ms
781 http fetch GET 200 https://registry.npmjs.org/balanced-match/-/balanced-match-1.0.2.tgz 3076ms (cache miss)
782 timing reifyNode:node_modules/balanced-match Completed in 3424ms
783 http fetch GET 200 https://registry.npmjs.org/napi-build-utils/-/napi-build-utils-1.0.2.tgz 3130ms (cache miss)
784 timing reifyNode:node_modules/napi-build-utils Completed in 3431ms
785 http fetch GET 200 https://registry.npmjs.org/minizlib/-/minizlib-2.1.2.tgz 3107ms (cache miss)
786 timing reifyNode:node_modules/minizlib Completed in 3450ms
787 http fetch GET 200 https://registry.npmjs.org/brace-expansion/-/brace-expansion-1.1.11.tgz 3104ms (cache miss)
788 timing reifyNode:node_modules/brace-expansion Completed in 3452ms
789 http fetch GET 200 https://registry.npmjs.org/minipass-flush/-/minipass-flush-1.0.5.tgz 3057ms (cache miss)
790 timing reifyNode:node_modules/minipass-flush Completed in 3455ms
791 http fetch GET 200 https://registry.npmjs.org/detect-libc/-/detect-libc-2.0.3.tgz 3148ms (cache miss)
792 timing reifyNode:node_modules/detect-libc Completed in 3458ms
793 http fetch GET 200 https://registry.npmjs.org/node-abi/-/node-abi-3.62.0.tgz 3159ms (cache miss)
794 timing reifyNode:node_modules/node-abi Completed in 3461ms
795 http fetch GET 200 https://registry.npmjs.org/fs-minipass/-/fs-minipass-2.1.0.tgz 3107ms (cache miss)
796 timing reifyNode:node_modules/fs-minipass Completed in 3475ms
797 http fetch GET 200 https://registry.npmjs.org/fs.realpath/-/fs.realpath-1.0.0.tgz 3072ms (cache miss)
798 timing reifyNode:node_modules/fs.realpath Completed in 3486ms
799 http fetch GET 200 https://registry.npmjs.org/p-map/-/p-map-4.0.0.tgz 3138ms (cache miss)
800 timing reifyNode:node_modules/p-map Completed in 3499ms
801 http fetch GET 200 https://registry.npmjs.org/unique-filename/-/unique-filename-1.1.1.tgz 3149ms (cache miss)
802 http fetch GET 200 https://registry.npmjs.org/abbrev/-/abbrev-1.1.1.tgz 3164ms (cache miss)
803 timing reifyNode:node_modules/abbrev Completed in 3506ms
804 http fetch GET 200 https://registry.npmjs.org/env-paths/-/env-paths-2.2.1.tgz 3080ms (cache miss)
805 timing reifyNode:node_modules/env-paths Completed in 3507ms
806 http fetch GET 200 https://registry.npmjs.org/buffer/-/buffer-5.7.1.tgz 3262ms (cache miss)
807 timing reifyNode:node_modules/buffer Completed in 3535ms
808 http fetch GET 200 https://registry.npmjs.org/which/-/which-2.0.2.tgz 3107ms (cache miss)
809 timing reifyNode:node_modules/which Completed in 3537ms
810 http fetch GET 200 https://registry.npmjs.org/end-of-stream/-/end-of-stream-1.4.4.tgz 3258ms (cache miss)
811 timing reifyNode:node_modules/end-of-stream Completed in 3544ms
812 http fetch GET 200 https://registry.npmjs.org/mkdirp/-/mkdirp-1.0.4.tgz 3253ms (cache miss)
813 timing reifyNode:node_modules/mkdirp Completed in 3616ms
814 http fetch GET 200 https://registry.npmjs.org/ini/-/ini-1.3.8.tgz 3342ms (cache miss)
815 timing reifyNode:node_modules/ini Completed in 3624ms
816 http fetch GET 200 https://registry.npmjs.org/@tootallnate/once/-/once-1.1.2.tgz 3255ms (cache miss)
817 timing reifyNode:node_modules/@tootallnate/once Completed in 3626ms
818 http fetch GET 200 https://registry.npmjs.org/minipass-collect/-/minipass-collect-1.0.2.tgz 3272ms (cache miss)
819 timing reifyNode:node_modules/minipass-collect Completed in 3659ms
820 http fetch GET 200 https://registry.npmjs.org/rc/-/rc-1.2.8.tgz 3382ms (cache miss)
821 timing reifyNode:node_modules/rc Completed in 3683ms
822 http fetch GET 200 https://registry.npmjs.org/http-proxy-agent/-/http-proxy-agent-4.0.1.tgz 3289ms (cache miss)
823 timing reifyNode:node_modules/http-proxy-agent Completed in 3693ms
824 http fetch GET 200 https://registry.npmjs.org/@npmcli/move-file/-/move-file-1.1.2.tgz 3315ms (cache miss)
825 warn deprecated @npmcli/move-file@1.1.2: This functionality has been moved to @npmcli/fs
826 timing reifyNode:node_modules/@npmcli/move-file Completed in 3698ms
827 http fetch GET 200 https://registry.npmjs.org/minimatch/-/minimatch-3.1.2.tgz 3297ms (cache miss)
828 timing reifyNode:node_modules/minimatch Completed in 3706ms
829 http fetch GET 200 https://registry.npmjs.org/path-is-absolute/-/path-is-absolute-1.0.1.tgz 3304ms (cache miss)
830 timing reifyNode:node_modules/path-is-absolute Completed in 3715ms
831 http fetch GET 200 https://registry.npmjs.org/glob/-/glob-7.2.3.tgz 3294ms (cache miss)
832 warn deprecated glob@7.2.3: Glob versions prior to v9 are no longer supported
833 timing reifyNode:node_modules/glob Completed in 3723ms
834 http fetch GET 200 https://registry.npmjs.org/socks-proxy-agent/-/socks-proxy-agent-6.2.1.tgz 3348ms (cache miss)
835 timing reifyNode:node_modules/socks-proxy-agent Completed in 3728ms
836 http fetch GET 200 https://registry.npmjs.org/rimraf/-/rimraf-3.0.2.tgz 3310ms (cache miss)
837 warn deprecated rimraf@3.0.2: Rimraf versions prior to v4 are no longer supported
838 timing reifyNode:node_modules/rimraf Completed in 3734ms
839 timing reifyNode:node_modules/agent-base Completed in 3738ms
840 http fetch GET 200 https://registry.npmjs.org/file-uri-to-path/-/file-uri-to-path-1.0.0.tgz 3308ms (cache miss)
841 timing reifyNode:node_modules/file-uri-to-path Completed in 3739ms
842 http fetch GET 200 https://registry.npmjs.org/chownr/-/chownr-1.1.4.tgz 3295ms (cache miss)
843 timing reifyNode:node_modules/tar-fs/node_modules/chownr Completed in 3745ms
844 http fetch GET 200 https://registry.npmjs.org/safe-buffer/-/safe-buffer-5.2.1.tgz 3308ms (cache miss)
845 timing reifyNode:node_modules/string_decoder/node_modules/safe-buffer Completed in 3756ms
846 http fetch GET 200 https://registry.npmjs.org/prebuild-install/-/prebuild-install-7.1.2.tgz 3328ms (cache miss)
847 http fetch GET 200 https://registry.npmjs.org/minipass-pipeline/-/minipass-pipeline-1.2.4.tgz 3379ms (cache miss)
848 timing reifyNode:node_modules/minipass-pipeline Completed in 3763ms
849 timing reifyNode:node_modules/https-proxy-agent Completed in 3769ms
850 http fetch GET 200 https://registry.npmjs.org/are-we-there-yet/-/are-we-there-yet-3.0.1.tgz 3434ms (cache miss)
851 warn deprecated are-we-there-yet@3.0.1: This package is no longer supported.
852 timing reifyNode:node_modules/are-we-there-yet Completed in 3778ms
853 timing reifyNode:node_modules/minipass-fetch Completed in 3779ms
854 http fetch GET 200 https://registry.npmjs.org/lru-cache/-/lru-cache-6.0.0.tgz 3324ms (cache miss)
855 timing reifyNode:node_modules/cacache/node_modules/lru-cache Completed in 3781ms
856 http fetch GET 200 https://registry.npmjs.org/npmlog/-/npmlog-6.0.2.tgz 3369ms (cache miss)
857 warn deprecated npmlog@6.0.2: This package is no longer supported.
858 timing reifyNode:node_modules/npmlog Completed in 3785ms
859 http fetch GET 200 https://registry.npmjs.org/node-red-node-sqlite/-/node-red-node-sqlite-1.1.0.tgz 3348ms (cache miss)
860 http fetch GET 200 https://registry.npmjs.org/lru-cache/-/lru-cache-6.0.0.tgz 3351ms (cache miss)
861 timing reifyNode:node_modules/make-fetch-happen/node_modules/lru-cache Completed in 3812ms
862 http fetch GET 200 https://registry.npmjs.org/bindings/-/bindings-1.5.0.tgz 3377ms (cache miss)
863 timing reifyNode:node_modules/bindings Completed in 3818ms
864 http fetch GET 200 https://registry.npmjs.org/minipass/-/minipass-5.0.0.tgz 3351ms (cache miss)
865 timing reifyNode:node_modules/tar/node_modules/minipass Completed in 3821ms
866 http fetch GET 200 https://registry.npmjs.org/ssri/-/ssri-8.0.1.tgz 3450ms (cache miss)
867 timing reifyNode:node_modules/ssri Completed in 3835ms
868 http fetch GET 200 https://registry.npmjs.org/graceful-fs/-/graceful-fs-4.2.11.tgz 3401ms (cache miss)
869 timing reifyNode:node_modules/graceful-fs Completed in 3836ms
870 timing reifyNode:node_modules/prebuild-install Completed in 3838ms
871 http fetch GET 200 https://registry.npmjs.org/nopt/-/nopt-5.0.0.tgz 3431ms (cache miss)
872 timing reifyNode:node_modules/nopt Completed in 3851ms
873 http fetch GET 200 https://registry.npmjs.org/retry/-/retry-0.12.0.tgz 3567ms (cache miss)
874 http fetch GET 200 https://registry.npmjs.org/gauge/-/gauge-4.0.4.tgz 3542ms (cache miss)
875 http fetch GET 200 https://registry.npmjs.org/agentkeepalive/-/agentkeepalive-4.5.0.tgz 3499ms (cache miss)
876 timing reifyNode:node_modules/agentkeepalive Completed in 3900ms
877 http fetch GET 200 https://registry.npmjs.org/minipass/-/minipass-3.3.6.tgz 3529ms (cache miss)
878 timing reifyNode:node_modules/minipass Completed in 3917ms
879 http fetch GET 200 https://registry.npmjs.org/make-fetch-happen/-/make-fetch-happen-9.1.0.tgz 3483ms (cache miss)
880 http fetch GET 200 https://registry.npmjs.org/sprintf-js/-/sprintf-js-1.1.3.tgz 3681ms (cache miss)
881 timing reifyNode:node_modules/sprintf-js Completed in 3950ms
882 http fetch GET 200 https://registry.npmjs.org/bl/-/bl-4.1.0.tgz 3698ms (cache miss)
883 timing reifyNode:node_modules/bl Completed in 3952ms
884 timing reifyNode:node_modules/retry Completed in 3953ms
885 timing reifyNode:node_modules/make-fetch-happen Completed in 3962ms
886 warn deprecated gauge@4.0.4: This package is no longer supported.
887 timing reifyNode:node_modules/gauge Completed in 3966ms
888 http fetch GET 200 https://registry.npmjs.org/minipass-sized/-/minipass-sized-1.0.3.tgz 3623ms (cache miss)
889 timing reifyNode:node_modules/minipass-sized Completed in 3967ms
890 http fetch GET 200 https://registry.npmjs.org/jsbn/-/jsbn-1.1.0.tgz 3706ms (cache miss)
891 timing reifyNode:node_modules/jsbn Completed in 3976ms
892 timing reifyNode:node_modules/unique-filename Completed in 3975ms
893 timing reifyNode:node_modules/node-red-node-sqlite Completed in 4024ms
894 http fetch GET 200 https://registry.npmjs.org/minimist/-/minimist-1.2.8.tgz 3723ms (cache miss)
895 timing reifyNode:node_modules/minimist Completed in 4115ms
896 http fetch GET 200 https://registry.npmjs.org/smart-buffer/-/smart-buffer-4.2.0.tgz 3854ms (cache miss)
897 timing reifyNode:node_modules/smart-buffer Completed in 4128ms
898 http fetch GET 200 https://registry.npmjs.org/cacache/-/cacache-15.3.0.tgz 3750ms (cache miss)
899 http fetch GET 200 https://registry.npmjs.org/readable-stream/-/readable-stream-3.6.2.tgz 3833ms (cache miss)
900 timing reifyNode:node_modules/cacache Completed in 4167ms
901 timing reifyNode:node_modules/readable-stream Completed in 4183ms
902 http fetch GET 200 https://registry.npmjs.org/@npmcli/fs/-/fs-1.1.1.tgz 3804ms (cache miss)
903 timing reifyNode:node_modules/@npmcli/fs Completed in 4214ms
904 http fetch GET 200 https://registry.npmjs.org/tar/-/tar-6.2.1.tgz 3834ms (cache miss)
905 http fetch GET 200 https://registry.npmjs.org/tar-fs/-/tar-fs-2.1.1.tgz 4004ms (cache miss)
906 timing reifyNode:node_modules/tar Completed in 4296ms
907 timing reifyNode:node_modules/tar-fs Completed in 4315ms
908 http fetch GET 200 https://registry.npmjs.org/node-addon-api/-/node-addon-api-7.1.0.tgz 3910ms (cache miss)
909 timing reifyNode:node_modules/node-addon-api Completed in 4352ms
910 http fetch GET 200 https://registry.npmjs.org/socks/-/socks-2.8.3.tgz 4108ms (cache miss)
911 http fetch GET 200 https://registry.npmjs.org/ip-address/-/ip-address-9.0.5.tgz 4109ms (cache miss)
912 timing reifyNode:node_modules/socks Completed in 4393ms
913 timing reifyNode:node_modules/ip-address Completed in 4398ms
914 http fetch GET 200 https://registry.npmjs.org/semver/-/semver-7.6.2.tgz 3981ms (cache miss)
915 timing reifyNode:node_modules/semver Completed in 4399ms
916 http fetch GET 200 https://registry.npmjs.org/sqlite3/-/sqlite3-5.1.7.tgz 4228ms (cache miss)
917 timing reifyNode:node_modules/sqlite3 Completed in 4670ms
918 http fetch GET 200 https://registry.npmjs.org/node-gyp/-/node-gyp-8.4.1.tgz 4545ms (cache miss)
919 timing reifyNode:node_modules/node-gyp Completed in 4988ms
920 timing reify:unpack Completed in 4993ms
921 timing reify:unretire Completed in 0ms
922 timing build:queue Completed in 46ms
923 timing build:link:node_modules/color-support Completed in 30ms
924 timing build:link:node_modules/mkdirp Completed in 30ms
925 timing build:link:node_modules/node-gyp Completed in 30ms
926 timing build:link:node_modules/prebuild-install Completed in 30ms
927 timing build:link:node_modules/rc Completed in 30ms
928 timing build:link:node_modules/rimraf Completed in 31ms
929 timing build:link:node_modules/nopt Completed in 31ms
930 timing build:link:node_modules/semver Completed in 32ms
931 timing build:link:node_modules/which Completed in 33ms
932 timing build:link Completed in 36ms
933 info run sqlite3@5.1.7 install node_modules/sqlite3 prebuild-install -r napi || node-gyp rebuild
934 info run sqlite3@5.1.7 install { code: 0, signal: null }
935 timing build:run:install:node_modules/sqlite3 Completed in 1997ms
936 timing build:run:install Completed in 1997ms
937 timing build:deps Completed in 2080ms
938 timing build Completed in 2082ms
939 timing reify:build Completed in 2083ms
940 timing reify:trash Completed in 0ms
941 timing reify:save Completed in 59ms
942 timing reify Completed in 11376ms
943 silly ADD node_modules/isexe
944 silly ADD node_modules/imurmurhash
945 silly ADD node_modules/unique-slug
946 silly ADD node_modules/ieee754
947 silly ADD node_modules/base64-js
948 silly ADD node_modules/buffer
949 silly ADD node_modules/fs-constants
950 silly ADD node_modules/bl
951 silly ADD node_modules/tar-stream
952 silly ADD node_modules/ansi-regex
953 silly ADD node_modules/is-fullwidth-code-point
954 silly ADD node_modules/emoji-regex
955 silly ADD node_modules/sprintf-js
956 silly ADD node_modules/jsbn
957 silly ADD node_modules/smart-buffer
958 silly ADD node_modules/ip-address
959 silly ADD node_modules/socks
960 silly ADD node_modules/mimic-response
961 silly ADD node_modules/simple-concat
962 silly ADD node_modules/decompress-response
963 silly ADD node_modules/util-deprecate
964 silly ADD node_modules/string_decoder
965 silly ADD node_modules/string_decoder/node_modules/safe-buffer
966 silly ADD node_modules/strip-json-comments
967 silly ADD node_modules/ini
968 silly ADD node_modules/deep-extend
969 silly ADD node_modules/end-of-stream
970 silly ADD node_modules/retry
971 silly ADD node_modules/err-code
972 silly ADD node_modules/tunnel-agent
973 silly ADD node_modules/tar-fs
974 silly ADD node_modules/tar-fs/node_modules/chownr
975 silly ADD node_modules/simple-get
976 silly ADD node_modules/rc
977 silly ADD node_modules/pump
978 silly ADD node_modules/node-abi
979 silly ADD node_modules/napi-build-utils
980 silly ADD node_modules/mkdirp-classic
981 silly ADD node_modules/minimist
982 silly ADD node_modules/github-from-package
983 silly ADD node_modules/expand-template
984 silly ADD node_modules/detect-libc
985 silly ADD node_modules/indent-string
986 silly ADD node_modules/clean-stack
987 silly ADD node_modules/aggregate-error
988 silly ADD node_modules/wide-align
989 silly ADD node_modules/strip-ansi
990 silly ADD node_modules/string-width
991 silly ADD node_modules/signal-exit
992 silly ADD node_modules/has-unicode
993 silly ADD node_modules/color-support
994 silly ADD node_modules/aproba
995 silly ADD node_modules/readable-stream
996 silly ADD node_modules/delegates
997 silly ADD node_modules/set-blocking
998 silly ADD node_modules/gauge
999 silly ADD node_modules/console-control-strings
1000 silly ADD node_modules/are-we-there-yet
1001 silly ADD node_modules/abbrev
1002 silly ADD node_modules/minizlib
1003 silly ADD node_modules/minipass-sized
1004 silly ADD node_modules/encoding
1005 silly ADD node_modules/yallist
1006 silly ADD node_modules/concat-map
1007 silly ADD node_modules/balanced-match
1008 silly ADD node_modules/brace-expansion
1009 silly ADD node_modules/agent-base
1010 silly ADD node_modules/agent-base/node_modules/ms
1011 silly ADD node_modules/agent-base/node_modules/debug
1012 silly ADD node_modules/@tootallnate/once
1013 silly ADD node_modules/@gar/promisify
1014 silly ADD node_modules/unique-filename
1015 silly ADD node_modules/promise-inflight
1016 silly ADD node_modules/p-map
1017 silly ADD node_modules/mkdirp
1018 silly ADD node_modules/infer-owner
1019 silly ADD node_modules/fs-minipass
1020 silly ADD node_modules/chownr
1021 silly ADD node_modules/@npmcli/move-file
1022 silly ADD node_modules/@npmcli/fs
1023 silly ADD node_modules/humanize-ms
1024 silly ADD node_modules/ssri
1025 silly ADD node_modules/socks-proxy-agent
1026 silly ADD node_modules/socks-proxy-agent/node_modules/ms
1027 silly ADD node_modules/socks-proxy-agent/node_modules/debug
1028 silly ADD node_modules/promise-retry
1029 silly ADD node_modules/minipass-pipeline
1030 silly ADD node_modules/minipass-flush
1031 silly ADD node_modules/minipass-fetch
1032 silly ADD node_modules/minipass-collect
1033 silly ADD node_modules/minipass
1034 silly ADD node_modules/is-lambda
1035 silly ADD node_modules/https-proxy-agent
1036 silly ADD node_modules/https-proxy-agent/node_modules/ms
1037 silly ADD node_modules/https-proxy-agent/node_modules/debug
1038 silly ADD node_modules/http-proxy-agent
1039 silly ADD node_modules/http-proxy-agent/node_modules/ms
1040 silly ADD node_modules/http-proxy-agent/node_modules/debug
1041 silly ADD node_modules/http-cache-semantics
1042 silly ADD node_modules/cacache
1043 silly ADD node_modules/cacache/node_modules/lru-cache
1044 silly ADD node_modules/agentkeepalive
1045 silly ADD node_modules/wrappy
1046 silly ADD node_modules/path-is-absolute
1047 silly ADD node_modules/once
1048 silly ADD node_modules/minimatch
1049 silly ADD node_modules/inflight
1050 silly ADD node_modules/fs.realpath
1051 silly ADD node_modules/which
1052 silly ADD node_modules/semver
1053 silly ADD node_modules/rimraf
1054 silly ADD node_modules/npmlog
1055 silly ADD node_modules/nopt
1056 silly ADD node_modules/make-fetch-happen
1057 silly ADD node_modules/make-fetch-happen/node_modules/lru-cache
1058 silly ADD node_modules/graceful-fs
1059 silly ADD node_modules/glob
1060 silly ADD node_modules/env-paths
1061 silly ADD node_modules/file-uri-to-path
1062 silly ADD node_modules/tar
1063 silly ADD node_modules/tar/node_modules/minipass
1064 silly ADD node_modules/prebuild-install
1065 silly ADD node_modules/node-gyp
1066 silly ADD node_modules/node-addon-api
1067 silly ADD node_modules/bindings
1068 silly ADD node_modules/sqlite3
1069 silly ADD node_modules/node-red-node-sqlite
1070 timing command:install Completed in 11403ms
1071 verbose exit 0
1072 timing npm Completed in 11517ms
1073 info ok
